DATE: 5/20/2026 8:25:42 PM : SELECT id, choice FROM editor_option_choice where optionTypeID = (SELECT id from editor_option where optionType = 'Currency Group') AND isactive = 1
DATE: 5/20/2026 8:25:44 PM : SELECT id FROM editor_option where optionType = 'Weapon Actions' AND isactive = 1
DATE: 5/20/2026 8:25:44 PM : SELECT optionTypeID, choice FROM editor_option_choice where optionTypeID = 35 AND isactive = 1
DATE: 5/20/2026 8:25:46 PM : SELECT name FROM item_slots where isactive = 1
DATE: 5/20/2026 8:28:22 PM : SELECT id, choice FROM editor_option_choice where optionTypeID = (SELECT id from editor_option where optionType = 'Currency Group') AND isactive = 1
DATE: 5/20/2026 8:28:23 PM : SELECT id FROM editor_option where optionType = 'Weapon Actions' AND isactive = 1
DATE: 5/20/2026 8:28:24 PM : SELECT optionTypeID, choice FROM editor_option_choice where optionTypeID = 35 AND isactive = 1
DATE: 5/20/2026 8:28:25 PM : SELECT name FROM item_slots where isactive = 1
DATE: 5/21/2026 7:51:26 PM : SELECT id, choice FROM editor_option_choice where optionTypeID = (SELECT id from editor_option where optionType = 'Currency Group') AND isactive = 1
DATE: 5/21/2026 7:51:28 PM : SELECT id FROM editor_option where optionType = 'Weapon Actions' AND isactive = 1
DATE: 5/21/2026 7:51:29 PM : SELECT optionTypeID, choice FROM editor_option_choice where optionTypeID = 35 AND isactive = 1
DATE: 5/21/2026 7:51:30 PM : SELECT name FROM item_slots where isactive = 1
DATE: 5/22/2026 7:48:21 PM : SELECT id FROM editor_option where optionType = 'Crafting Station' AND isactive = 1
DATE: 5/22/2026 7:48:22 PM : SELECT optionTypeID, choice FROM editor_option_choice where optionTypeID = 7 AND isactive = 1
DATE: 5/22/2026 7:51:34 PM : SELECT id FROM editor_option where optionType = 'Crafting Station' AND isactive = 1
DATE: 5/22/2026 7:51:35 PM : SELECT optionTypeID, choice FROM editor_option_choice where optionTypeID = 7 AND isactive = 1
DATE: 5/22/2026 7:52:19 PM : SELECT id FROM editor_option where optionType = 'Crafting Station' AND isactive = 1
DATE: 5/22/2026 7:52:20 PM : SELECT optionTypeID, choice FROM editor_option_choice where optionTypeID = 7 AND isactive = 1
DATE: 5/22/2026 7:59:17 PM : SELECT id FROM editor_option where optionType = 'Crafting Station' AND isactive = 1
DATE: 5/22/2026 7:59:18 PM : SELECT optionTypeID, choice FROM editor_option_choice where optionTypeID = 7 AND isactive = 1
DATE: 5/22/2026 8:06:09 PM : SELECT id FROM editor_option where optionType = 'Crafting Station' AND isactive = 1
DATE: 5/22/2026 8:06:10 PM : SELECT optionTypeID, choice FROM editor_option_choice where optionTypeID = 7 AND isactive = 1
DATE: 5/23/2026 7:41:36 PM : SELECT id FROM editor_option where optionType = 'Interaction Type' AND isactive = 1
DATE: 5/23/2026 7:41:37 PM : SELECT optionTypeID, choice FROM editor_option_choice where optionTypeID = 20 AND isactive = 1
DATE: 5/23/2026 7:41:37 PM : SELECT id, name FROM quests where isactive = 1
DATE: 5/23/2026 7:41:38 PM : SELECT id, name FROM effects where isactive = 1
DATE: 5/23/2026 7:41:39 PM : SELECT id FROM editor_option where optionType = 'Interaction Type' AND isactive = 1
DATE: 5/23/2026 7:41:39 PM : SELECT optionTypeID, choice FROM editor_option_choice where optionTypeID = 20 AND isactive = 1
DATE: 5/23/2026 7:41:39 PM : SELECT id, name FROM quests where isactive = 1
DATE: 5/23/2026 7:41:39 PM : SELECT id, island_name FROM instance_template
DATE: 5/23/2026 7:41:44 PM : SELECT id FROM editor_option where optionType = 'Interaction Type' AND isactive = 1
DATE: 5/23/2026 7:41:44 PM : SELECT optionTypeID, choice FROM editor_option_choice where optionTypeID = 20 AND isactive = 1
DATE: 5/23/2026 7:41:44 PM : SELECT id, name FROM quests where isactive = 1
DATE: 5/23/2026 7:41:44 PM : SELECT id, island_name FROM instance_template
DATE: 5/23/2026 7:41:46 PM : SELECT id FROM editor_option where optionType = 'Interaction Type' AND isactive = 1
DATE: 5/23/2026 7:41:47 PM : SELECT optionTypeID, choice FROM editor_option_choice where optionTypeID = 20 AND isactive = 1
DATE: 5/23/2026 7:41:47 PM : SELECT id, name FROM quests where isactive = 1
DATE: 5/23/2026 7:41:47 PM : SELECT id, name FROM effects where isactive = 1
DATE: 5/23/2026 7:41:51 PM : SELECT id FROM editor_option where optionType = 'Interaction Type' AND isactive = 1
DATE: 5/23/2026 7:41:51 PM : SELECT optionTypeID, choice FROM editor_option_choice where optionTypeID = 20 AND isactive = 1
DATE: 5/23/2026 7:41:51 PM : SELECT id, name FROM quests where isactive = 1
DATE: 5/23/2026 7:41:51 PM : SELECT id, name FROM effects where isactive = 1
DATE: 5/23/2026 7:41:52 PM : SELECT id FROM editor_option where optionType = 'Interaction Type' AND isactive = 1
DATE: 5/23/2026 7:41:52 PM : SELECT optionTypeID, choice FROM editor_option_choice where optionTypeID = 20 AND isactive = 1
DATE: 5/23/2026 7:41:52 PM : SELECT id, name FROM quests where isactive = 1
DATE: 5/23/2026 7:41:53 PM : SELECT id, island_name FROM instance_template
DATE: 5/23/2026 7:41:57 PM : SELECT id FROM editor_option where optionType = 'Interaction Type' AND isactive = 1
DATE: 5/23/2026 7:41:58 PM : SELECT optionTypeID, choice FROM editor_option_choice where optionTypeID = 20 AND isactive = 1
DATE: 5/23/2026 7:41:58 PM : SELECT id, name FROM quests where isactive = 1
DATE: 5/23/2026 7:41:58 PM : SELECT id, name FROM task where isactive = 1
DATE: 5/23/2026 7:42:02 PM : SELECT id FROM editor_option where optionType = 'Crafting Station' AND isactive = 1
DATE: 5/23/2026 7:42:02 PM : SELECT optionTypeID, choice FROM editor_option_choice where optionTypeID = 7 AND isactive = 1
DATE: 5/23/2026 7:42:26 PM : SELECT id FROM editor_option where optionType = 'Crafting Station' AND isactive = 1
DATE: 5/23/2026 7:42:26 PM : SELECT optionTypeID, choice FROM editor_option_choice where optionTypeID = 7 AND isactive = 1
DATE: 5/23/2026 7:42:51 PM : SELECT id FROM editor_option where optionType = 'Interaction Type' AND isactive = 1
DATE: 5/23/2026 7:42:51 PM : SELECT optionTypeID, choice FROM editor_option_choice where optionTypeID = 20 AND isactive = 1
DATE: 5/23/2026 7:42:51 PM : SELECT id, name FROM quests where isactive = 1
DATE: 5/23/2026 7:42:52 PM : SELECT id, island_name FROM instance_template
DATE: 5/23/2026 7:42:54 PM : SELECT id FROM editor_option where optionType = 'Interaction Type' AND isactive = 1
DATE: 5/23/2026 7:42:54 PM : SELECT optionTypeID, choice FROM editor_option_choice where optionTypeID = 20 AND isactive = 1
DATE: 5/23/2026 7:42:55 PM : SELECT id, name FROM quests where isactive = 1
DATE: 5/23/2026 7:42:55 PM : SELECT id, name FROM effects where isactive = 1
DATE: 5/23/2026 7:42:57 PM : SELECT id FROM editor_option where optionType = 'Interaction Type' AND isactive = 1
DATE: 5/23/2026 7:42:57 PM : SELECT optionTypeID, choice FROM editor_option_choice where optionTypeID = 20 AND isactive = 1
DATE: 5/23/2026 7:42:57 PM : SELECT id, name FROM quests where isactive = 1
DATE: 5/23/2026 7:42:58 PM : SELECT id, island_name FROM instance_template
DATE: 5/23/2026 7:42:59 PM : SELECT id FROM editor_option where optionType = 'Interaction Type' AND isactive = 1
DATE: 5/23/2026 7:42:59 PM : SELECT optionTypeID, choice FROM editor_option_choice where optionTypeID = 20 AND isactive = 1
DATE: 5/23/2026 7:42:59 PM : SELECT id, name FROM quests where isactive = 1
DATE: 5/23/2026 7:42:59 PM : SELECT id, island_name FROM instance_template
DATE: 5/23/2026 7:43:01 PM : SELECT id FROM editor_option where optionType = 'Interaction Type' AND isactive = 1
DATE: 5/23/2026 7:43:01 PM : SELECT optionTypeID, choice FROM editor_option_choice where optionTypeID = 20 AND isactive = 1
DATE: 5/23/2026 7:43:01 PM : SELECT id, name FROM quests where isactive = 1
DATE: 5/23/2026 7:43:01 PM : SELECT id, name FROM effects where isactive = 1
DATE: 5/23/2026 7:43:04 PM : SELECT id FROM editor_option where optionType = 'Interaction Type' AND isactive = 1
DATE: 5/23/2026 7:43:04 PM : SELECT optionTypeID, choice FROM editor_option_choice where optionTypeID = 20 AND isactive = 1
DATE: 5/23/2026 7:43:04 PM : SELECT id, name FROM quests where isactive = 1
DATE: 5/23/2026 7:43:19 PM : SELECT id FROM editor_option where optionType = 'Interaction Type' AND isactive = 1
DATE: 5/23/2026 7:43:20 PM : SELECT optionTypeID, choice FROM editor_option_choice where optionTypeID = 20 AND isactive = 1
DATE: 5/23/2026 7:43:20 PM : SELECT id, name FROM quests where isactive = 1
DATE: 5/23/2026 7:43:20 PM : SELECT id, name FROM effects where isactive = 1
DATE: 5/23/2026 7:43:25 PM : SELECT id FROM editor_option where optionType = 'Interaction Type' AND isactive = 1
DATE: 5/23/2026 7:43:25 PM : SELECT optionTypeID, choice FROM editor_option_choice where optionTypeID = 20 AND isactive = 1
DATE: 5/23/2026 7:43:25 PM : SELECT id, name FROM quests where isactive = 1
DATE: 5/23/2026 7:43:25 PM : SELECT id, island_name FROM instance_template
DATE: 5/23/2026 7:43:38 PM : SELECT id FROM editor_option where optionType = 'Interaction Type' AND isactive = 1
DATE: 5/23/2026 7:43:38 PM : SELECT optionTypeID, choice FROM editor_option_choice where optionTypeID = 20 AND isactive = 1
DATE: 5/23/2026 7:43:38 PM : SELECT id, name FROM quests where isactive = 1
DATE: 5/23/2026 7:43:38 PM : SELECT id, island_name FROM instance_template
DATE: 5/23/2026 7:43:42 PM : SELECT id FROM editor_option where optionType = 'Interaction Type' AND isactive = 1
DATE: 5/23/2026 7:43:42 PM : SELECT optionTypeID, choice FROM editor_option_choice where optionTypeID = 20 AND isactive = 1
DATE: 5/23/2026 7:43:42 PM : SELECT id, name FROM quests where isactive = 1
DATE: 5/23/2026 7:43:43 PM : SELECT id, island_name FROM instance_template
DATE: 5/23/2026 7:43:43 PM : SELECT id FROM editor_option where optionType = 'Interaction Type' AND isactive = 1
DATE: 5/23/2026 7:43:43 PM : SELECT optionTypeID, choice FROM editor_option_choice where optionTypeID = 20 AND isactive = 1
DATE: 5/23/2026 7:43:43 PM : SELECT id, name FROM quests where isactive = 1
DATE: 5/23/2026 7:43:44 PM : SELECT id, name FROM effects where isactive = 1
DATE: 5/23/2026 7:43:44 PM : SELECT id FROM editor_option where optionType = 'Interaction Type' AND isactive = 1
DATE: 5/23/2026 7:43:44 PM : SELECT optionTypeID, choice FROM editor_option_choice where optionTypeID = 20 AND isactive = 1
DATE: 5/23/2026 7:43:44 PM : SELECT id, name FROM quests where isactive = 1
DATE: 5/23/2026 7:43:51 PM : SELECT id FROM editor_option where optionType = 'Interaction Type' AND isactive = 1
DATE: 5/23/2026 7:43:51 PM : SELECT optionTypeID, choice FROM editor_option_choice where optionTypeID = 20 AND isactive = 1
DATE: 5/23/2026 7:43:51 PM : SELECT id, name FROM quests where isactive = 1
DATE: 5/23/2026 7:43:52 PM : SELECT id, island_name FROM instance_template
DATE: 5/23/2026 7:46:20 PM : SELECT id FROM editor_option where optionType = 'Interaction Type' AND isactive = 1
DATE: 5/23/2026 7:46:20 PM : SELECT optionTypeID, choice FROM editor_option_choice where optionTypeID = 20 AND isactive = 1
DATE: 5/23/2026 7:46:20 PM : SELECT id, name FROM quests where isactive = 1
DATE: 5/23/2026 7:46:21 PM : SELECT id, name FROM effects where isactive = 1
DATE: 5/23/2026 7:46:26 PM : SELECT id FROM editor_option where optionType = 'Crafting Station' AND isactive = 1
DATE: 5/23/2026 7:46:26 PM : SELECT optionTypeID, choice FROM editor_option_choice where optionTypeID = 7 AND isactive = 1
DATE: 5/27/2026 7:10:15 AM : SELECT id, choice FROM editor_option_choice where optionTypeID = (SELECT id from editor_option where optionType = 'Race') AND isactive = 1
DATE: 5/27/2026 7:10:17 AM : SELECT id, choice FROM editor_option_choice where optionTypeID = (SELECT id from editor_option where optionType = 'Class') AND isactive = 1
DATE: 5/27/2026 7:10:17 AM : SELECT id, choice FROM editor_option_choice where optionTypeID = (SELECT id from editor_option where optionType = 'Gender') AND isactive = 1
DATE: 5/27/2026 7:10:17 AM : SELECT name FROM item_slots where isactive = 1
DATE: 5/27/2026 7:10:17 AM : SELECT name FROM item_slots where isactive = 1
DATE: 5/27/2026 7:10:18 AM : SELECT id, choice FROM editor_option_choice where optionTypeID = (SELECT id from editor_option where optionType = 'Race') AND isactive = 1
DATE: 5/27/2026 7:10:18 AM : SELECT id, choice FROM editor_option_choice where optionTypeID = (SELECT id from editor_option where optionType = 'Class') AND isactive = 1
DATE: 5/27/2026 7:10:18 AM : SELECT id, choice FROM editor_option_choice where optionTypeID = (SELECT id from editor_option where optionType = 'Gender') AND isactive = 1
DATE: 5/27/2026 7:10:18 AM : SELECT name FROM item_slots where isactive = 1
DATE: 5/27/2026 7:10:18 AM : SELECT name FROM item_slots where isactive = 1
DATE: 5/27/2026 7:11:37 AM : SELECT id, choice FROM editor_option_choice where optionTypeID = (SELECT id from editor_option where optionType = 'Race') AND isactive = 1
DATE: 5/27/2026 7:11:38 AM : SELECT id, choice FROM editor_option_choice where optionTypeID = (SELECT id from editor_option where optionType = 'Class') AND isactive = 1
DATE: 5/27/2026 7:11:38 AM : SELECT id, choice FROM editor_option_choice where optionTypeID = (SELECT id from editor_option where optionType = 'Gender') AND isactive = 1
DATE: 5/27/2026 7:11:38 AM : SELECT name FROM item_slots where isactive = 1
DATE: 5/27/2026 7:11:38 AM : SELECT name FROM item_slots where isactive = 1
DATE: 5/27/2026 7:11:56 AM : SELECT id, name FROM item_templates where isactive = 1
DATE: 5/27/2026 7:11:57 AM : SELECT id, name FROM item_templates where isactive = 1
DATE: 5/27/2026 7:11:57 AM : SELECT id, name FROM item_templates where isactive = 1
DATE: 5/27/2026 7:11:58 AM : SELECT id, name FROM item_templates where isactive = 1
DATE: 5/27/2026 7:12:08 AM : SELECT id, name FROM item_templates where isactive = 1
DATE: 5/27/2026 7:12:09 AM : SELECT id, name FROM item_templates where isactive = 1
DATE: 5/27/2026 7:12:09 AM : SELECT id, name FROM item_templates where isactive = 1
DATE: 5/27/2026 7:12:09 AM : SELECT id, name FROM item_templates where isactive = 1
DATE: 5/27/2026 1:41:32 PM : SELECT id, choice FROM editor_option_choice where optionTypeID = (SELECT id from editor_option where optionType = 'Currency Group') AND isactive = 1
DATE: 5/27/2026 1:41:34 PM : SELECT id FROM editor_option where optionType = 'Weapon Actions' AND isactive = 1
DATE: 5/27/2026 1:41:35 PM : SELECT optionTypeID, choice FROM editor_option_choice where optionTypeID = 35 AND isactive = 1
DATE: 5/27/2026 1:41:36 PM : SELECT name FROM item_slots where isactive = 1
DATE: 5/27/2026 1:43:51 PM : SELECT id, choice FROM editor_option_choice where optionTypeID = (SELECT id from editor_option where optionType = 'Currency Group') AND isactive = 1
DATE: 5/27/2026 1:43:52 PM : SELECT id FROM editor_option where optionType = 'Weapon Actions' AND isactive = 1
DATE: 5/27/2026 1:43:52 PM : SELECT optionTypeID, choice FROM editor_option_choice where optionTypeID = 35 AND isactive = 1
DATE: 5/27/2026 1:43:53 PM : SELECT name FROM item_slots where isactive = 1
DATE: 5/27/2026 9:18:00 PM : SELECT name FROM item_slots where isactive = 1
DATE: 5/27/2026 9:39:37 PM : SELECT id, name FROM resource_node_profile where isactive = 1
DATE: 5/27/2026 9:39:37 PM : SELECT id, name FROM resource_node_profile where isactive = 1
